c:\2 uni\oop\project lcr\lcr\lcr\x64\debug\vc143.pdb
c:\2 uni\oop\project lcr\lcr\lcr\x64\debug\vc143.idb
c:\2 uni\oop\project lcr\lcr\lcr\x64\debug\volunteer.obj
c:\2 uni\oop\project lcr\lcr\lcr\x64\debug\tool.obj
c:\2 uni\oop\project lcr\lcr\lcr\x64\debug\target.obj
c:\2 uni\oop\project lcr\lcr\lcr\x64\debug\road.obj
c:\2 uni\oop\project lcr\lcr\lcr\x64\debug\resource.obj
c:\2 uni\oop\project lcr\lcr\lcr\x64\debug\person.obj
c:\2 uni\oop\project lcr\lcr\lcr\x64\debug\organization.obj
c:\2 uni\oop\project lcr\lcr\lcr\x64\debug\lcr.obj
c:\2 uni\oop\project lcr\lcr\lcr\x64\debug\hygiene.obj
c:\2 uni\oop\project lcr\lcr\lcr\x64\debug\building.obj
c:\2 uni\oop\project lcr\lcr\lcr\x64\debug\organizer.obj
c:\2 uni\oop\project lcr\lcr\lcr\x64\debug\organizationentity.obj
c:\2 uni\oop\project lcr\lcr\x64\debug\lcr.exe
c:\2 uni\oop\project lcr\lcr\x64\debug\lcr.pdb
c:\2 uni\oop\project lcr\lcr\lcr\x64\debug\lcr.ilk
c:\2 uni\oop\project lcr\lcr\x64\debug\lcr.ilk
c:\2 uni\oop\project lcr\lcr\lcr\x64\debug\lcr.tlog\cl.command.1.tlog
c:\2 uni\oop\project lcr\lcr\lcr\x64\debug\lcr.tlog\cl.items.tlog
c:\2 uni\oop\project lcr\lcr\lcr\x64\debug\lcr.tlog\cl.read.1.tlog
c:\2 uni\oop\project lcr\lcr\lcr\x64\debug\lcr.tlog\cl.write.1.tlog
c:\2 uni\oop\project lcr\lcr\lcr\x64\debug\lcr.tlog\link.command.1.tlog
c:\2 uni\oop\project lcr\lcr\lcr\x64\debug\lcr.tlog\link.read.1.tlog
c:\2 uni\oop\project lcr\lcr\lcr\x64\debug\lcr.tlog\link.secondary.1.tlog
c:\2 uni\oop\project lcr\lcr\lcr\x64\debug\lcr.tlog\link.write.1.tlog
